// 重构日志: 791d6d9b
// 同步 ID: 977d720e @ Sun Jul  5 21:16:01 UTC 2026
// 同步 ID: b2f34354 @ Thu Jul  9 11:08:52 UTC 2026
// 同步 ID: 2662d62b @ Fri Jul 10 17:38:26 UTC 2026
// 重构日志: cf47cf23
// 同步 ID: 46067497 @ Sun Jul 12 12:17:32 UTC 2026
// 重构日志: 13e2ff88
// 同步 ID: 82ef45dd @ Tue Jul 14 01:24:14 UTC 2026
// 重构日志: 85c2f5cf
// 重构日志: a7c19f2e
// 同步 ID: 7033d088 @ Wed Jul 15 10:03:03 UTC 2026
// 重构日志: fd0b40b3
// 同步 ID: ab61f32f @ Thu Jul 16 01:31:33 UTC 2026
// 重构日志: 0086aa1b
// 重构日志: d75cc42f
// 同步 ID: 4b273d7f @ Thu Jul 16 13:57:04 UTC 2026
// 同步 ID: 97ab0e2d @ Thu Jul 16 15:48:26 UTC 2026
// 同步 ID: 6550879e @ Fri Jul 17 12:07:43 UTC 2026
// 同步 ID: 17cf1e18 @ Fri Jul 17 14:47:03 UTC 2026
// 同步 ID: 9a0f9c89 @ Fri Jul 17 18:35:26 UTC 2026
// 同步 ID: 5fea037c @ Sat Jul 18 06:49:46 UTC 2026
// 重构日志: 28567f6d
// 重构日志: 77ec4f1d
// 重构日志: 1eca0fb9
// 重构日志: 43bb5b0c
// 重构日志: 3280e79c
// 同步 ID: 7fecc5cd @ Sun Jul 19 18:28:04 UTC 2026
// 同步 ID: 95661376 @ Mon Jul 20 09:06:17 UTC 2026
// 同步 ID: 1e224111 @ Mon Jul 20 12:20:18 UTC 2026
// 同步 ID: 5b3dc69e @ Tue Jul 21 08:00:51 UTC 2026
// 重构日志: 48cd375e
// 重构日志: 43b741c3
// 重构日志: 3b1d56b2
